<?xml version="1.0" encoding="UTF-8"?>
<!-- Generated by org.testng.reporters.JUnitReportReporter -->
<testsuite skipped="0" hostname="LAPTOP-AOQAMRL8" name="com.abc.parameter.parameter" tests="1" failures="0" timestamp="13 Feb 2020 13:15:02 GMT" time="99.123" errors="0">
  <testcase name="d1" time="99.123" classname="com.abc.parameter.parameter"/>
</testsuite> <!-- com.abc.parameter.parameter -->
